# JRE version: OpenJDK Runtime Environment (16.0.2+7) (build 16.0.2+7-67)
# Java VM: OpenJDK 64-Bit Server VM (16.0.2+7-67, mixed mode, tiered, compressed oops, compressed class ptrs, g1 gc, windows-amd64)
GC Precious Log:
 CPUs: 2 total, 2 available
 Memory: 7637M
 Large Page Support: Disabled
 NUMA Support: Disabled
 Compressed Oops: Enabled (32-bit)
 Heap Region Size: 1M
 Heap Min Capacity: 8M
 Heap Initial Capacity: 120M
 Heap Max Capacity: 1910M
 Pre-touch: Disabled
 Parallel Workers: 2
 Concurrent Workers: 1
 Concurrent Refinement Workers: 2
 Periodic GC: Disabled
Heap:
 garbage-first heap   total 17408K, used 6924K [0x0000000088a00000, 0x0000000100000000)
  region size 1024K, 3 young (3072K), 1 survivors (1024K)
 Metaspace       used 29496K, committed 29760K, reserved 1081344K
  class space    used 3081K, committed 3264K, reserved 1048576K
GC Heap History (16 events):
Event: 5.678 GC heap before
{Heap before GC invocations=0 (full 0):
 garbage-first heap   total 122880K, used 5120K [0x0000000088a00000, 0x0000000100000000)
  region size 1024K, 6 young (6144K), 0 survivors (0K)
 Metaspace       used 10280K, committed 10432K, reserved 1064960K
  class space    used 898K, committed 960K, reserved 1048576K
}
Event: 5.688 GC heap after
{Heap after GC invocations=1 (full 0):
 garbage-first heap   total 122880K, used 1513K [0x0000000088a00000, 0x0000000100000000)
  region size 1024K, 1 young (1024K), 1 survivors (1024K)
 Metaspace       used 10280K, committed 10432K, reserved 1064960K
  class space    used 898K, committed 960K, reserved 1048576K
}
Event: 7.565 GC heap before
{Heap before GC invocations=1 (full 0):
 garbage-first heap   total 122880K, used 5609K [0x0000000088a00000, 0x0000000100000000)
  region size 1024K, 6 young (6144K), 1 survivors (1024K)
 Metaspace       used 15023K, committed 15168K, reserved 1064960K
  class space    used 1472K, committed 1536K, reserved 1048576K
}
Event: 7.570 GC heap after
{Heap after GC invocations=2 (full 0):
 garbage-first heap   total 122880K, used 2281K [0x0000000088a00000, 0x0000000100000000)
  region size 1024K, 1 young (1024K), 1 survivors (1024K)
 Metaspace       used 15023K, committed 15168K, reserved 1064960K
  class space    used 1472K, committed 1536K, reserved 1048576K
}
Event: 20.385 GC heap before
{Heap before GC invocations=2 (full 0):
 garbage-first heap   total 122880K, used 12521K [0x0000000088a00000, 0x0000000100000000)
  region size 1024K, 13 young (13312K), 1 survivors (1024K)
 Metaspace       used 21061K, committed 21248K, reserved 1073152K
  class space    used 2134K, committed 2240K, reserved 1048576K
}
Event: 20.391 GC heap after
{Heap after GC invocations=3 (full 0):
 garbage-first heap   total 122880K, used 3305K [0x0000000088a00000, 0x0000000100000000)
  region size 1024K, 2 young (2048K), 2 survivors (2048K)
 Metaspace       used 21061K, committed 21248K, reserved 1073152K
  class space    used 2134K, committed 2240K, reserved 1048576K
}
Event: 20.803 GC heap before
{Heap before GC invocations=4 (full 0):
 garbage-first heap   total 17408K, used 11497K [0x0000000088a00000, 0x0000000100000000)
  region size 1024K, 10 young (10240K), 2 survivors (2048K)
 Metaspace       used 22791K, committed 22976K, reserved 1073152K
  class space    used 2329K, committed 2432K, reserved 1048576K
}
Event: 20.809 GC heap after
{Heap after GC invocations=5 (full 0):
 garbage-first heap   total 17408K, used 3818K [0x0000000088a00000, 0x0000000100000000)
  region size 1024K, 2 young (2048K), 2 survivors (2048K)
 Metaspace       used 22791K, committed 22976K, reserved 1073152K
  class space    used 2329K, committed 2432K, reserved 1048576K
}
Event: 21.385 GC heap before
{Heap before GC invocations=5 (full 0):
 garbage-first heap   total 17408K, used 9962K [0x0000000088a00000, 0x0000000100000000)
  region size 1024K, 8 young (8192K), 2 survivors (2048K)
 Metaspace       used 24860K, committed 25088K, reserved 1073152K
  class space    used 2582K, committed 2688K, reserved 1048576K
}
Event: 21.392 GC heap after
{Heap after GC invocations=6 (full 0):
 garbage-first heap   total 17408K, used 4300K [0x0000000088a00000, 0x0000000100000000)
  region size 1024K, 1 young (1024K), 1 survivors (1024K)
 Metaspace       used 24860K, committed 25088K, reserved 1073152K
  class space    used 2582K, committed 2688K, reserved 1048576K
}
Event: 22.085 GC heap before
{Heap before GC invocations=6 (full 0):
 garbage-first heap   total 17408K, used 10444K [0x0000000088a00000, 0x0000000100000000)
  region size 1024K, 8 young (8192K), 1 survivors (1024K)
 Metaspace       used 26457K, committed 26688K, reserved 1073152K
  class space    used 2707K, committed 2816K, reserved 1048576K
}
Event: 22.089 GC heap after
{Heap after GC invocations=7 (full 0):
 garbage-first heap   total 17408K, used 5092K [0x0000000088a00000, 0x0000000100000000)
  region size 1024K, 1 young (1024K), 1 survivors (1024K)
 Metaspace       used 26457K, committed 26688K, reserved 1073152K
  class space    used 2707K, committed 2816K, reserved 1048576K
}
Event: 24.474 GC heap before
{Heap before GC invocations=7 (full 0):
 garbage-first heap   total 17408K, used 11236K [0x0000000088a00000, 0x0000000100000000)
  region size 1024K, 7 young (7168K), 1 survivors (1024K)
 Metaspace       used 28655K, committed 28928K, reserved 1081344K
  class space    used 3011K, committed 3136K, reserved 1048576K
}
Event: 24.478 GC heap after
{Heap after GC invocations=8 (full 0):
 garbage-first heap   total 17408K, used 5795K [0x0000000088a00000, 0x0000000100000000)
  region size 1024K, 1 young (1024K), 1 survivors (1024K)
 Metaspace       used 28655K, committed 28928K, reserved 1081344K
  class space    used 3011K, committed 3136K, reserved 1048576K
}
Event: 40.326 GC heap before
{Heap before GC invocations=8 (full 0):
 garbage-first heap   total 17408K, used 10915K [0x0000000088a00000, 0x0000000100000000)
  region size 1024K, 6 young (6144K), 1 survivors (1024K)
 Metaspace       used 29458K, committed 29760K, reserved 1081344K
  class space    used 3080K, committed 3264K, reserved 1048576K
}
Event: 40.329 GC heap after
{Heap after GC invocations=9 (full 0):
 garbage-first heap   total 17408K, used 5900K [0x0000000088a00000, 0x0000000100000000)
  region size 1024K, 1 young (1024K), 1 survivors (1024K)
 Metaspace       used 29458K, committed 29760K, reserved 1081344K
  class space    used 3080K, committed 3264K, reserved 1048576K
}

